<?xml version="1.0" encoding="UTF-8"?>
<!-- Generated by org.testng.reporters.JUnitXMLReporter -->
<testsuite ignored="0" hostname="HarshvadhansMBP" failures="0" tests="3" name="Default test" time="56.77" errors="0" timestamp="2023-12-08T23:59:20 EST">
  <testcase classname="com.ultimateqa.tests.SignUpPageTest" name="SignUpPageTestTitle" time="0.015"/>
  <testcase classname="com.ultimateqa.tests.SignUpPageTest" name="SignupTest" time="1.863"/>
  <testcase classname="com.ultimateqa.tests.SignUpPageTest" name="SignupTest" time="1.651"/>
</testsuite> <!-- Default test -->
