<?xml version="1.0" encoding="UTF-8"?>
<!-- Generated by org.testng.reporters.JUnitXMLReporter -->
<testsuite ignored="0" hostname="HarshvadhansMBP" failures="0" tests="5" name="Test" time="95.694" errors="0" timestamp="2023-12-11T22:49:06 EST">
  <testcase classname="com.ultimateqa.tests.LoginPageTest" name="LoginPageTitleTest" time="0.387"/>
  <testcase classname="com.ultimateqa.tests.LoginPageTest" name="LoginTest" time="7.317"/>
  <testcase classname="com.ultimateqa.tests.SignUpPageTest" name="SignUpPageTestTitle" time="0.009"/>
  <testcase classname="com.ultimateqa.tests.SignUpPageTest" name="SignupTest" time="2.925"/>
  <testcase classname="com.ultimateqa.tests.SignUpPageTest" name="SignupTest" time="1.689"/>
</testsuite> <!-- Test -->
