<?xml version="1.0" encoding="UTF-8"?>
<testng-results ignored="0" total="5" passed="5" failed="0" skipped="0">
  <reporter-output>
  </reporter-output>
  <suite started-at="2023-12-11T22:47:30 EST" name="Suite" finished-at="2023-12-11T22:49:06 EST" duration-ms="95694">
    <groups>
    </groups>
    <test started-at="2023-12-11T22:47:30 EST" name="Test" finished-at="2023-12-11T22:49:06 EST" duration-ms="95694">
      <class name="com.ultimateqa.tests.SignUpPageTest">
        <test-method is-config="true" signature="setUp()[pri:0, instance:com.ultimateqa.tests.SignUpPageTest@67f639d3]" started-at="2023-12-11T22:48:03 EST" name="setUp" finished-at="2023-12-11T22:48:20 EST" duration-ms="16844" status="PASS">
          <reporter-output>
          </reporter-output>
        </test-method> <!-- setUp -->
        <test-method signature="SignUpPageTestTitle()[pri:1, instance:com.ultimateqa.tests.SignUpPageTest@67f639d3]" started-at="2023-12-11T22:48:20 EST" name="SignUpPageTestTitle" finished-at="2023-12-11T22:48:20 EST" duration-ms="9" status="PASS">
          <reporter-output>
          </reporter-output>
        </test-method> <!-- SignUpPageTestTitle -->
        <test-method is-config="true" signature="setUp()[pri:0, instance:com.ultimateqa.tests.SignUpPageTest@67f639d3]" started-at="2023-12-11T22:48:21 EST" name="setUp" finished-at="2023-12-11T22:48:43 EST" duration-ms="21611" status="PASS">
          <reporter-output>
          </reporter-output>
        </test-method> <!-- setUp -->
        <test-method signature="SignupTest(java.lang.String,java.lang.String,java.lang.String,java.lang.String)[pri:2, instance:com.ultimateqa.tests.SignUpPageTest@67f639d3]" started-at="2023-12-11T22:48:43 EST" name="SignupTest" data-provider="getTestData" finished-at="2023-12-11T22:48:45 EST" duration-ms="2925" status="PASS">
          <params>
            <param index="0">
              <value>
                <![CDATA[Megha]]>
              </value>
            </param>
            <param index="1">
              <value>
                <![CDATA[B]]>
              </value>
            </param>
            <param index="2">
              <value>
                <![CDATA[mbhatt@gmail.com]]>
              </value>
            </param>
            <param index="3">
              <value>
                <![CDATA[Pass@2608]]>
              </value>
            </param>
          </params>
          <reporter-output>
          </reporter-output>
        </test-method> <!-- SignupTest -->
        <test-method is-config="true" signature="setUp()[pri:0, instance:com.ultimateqa.tests.SignUpPageTest@67f639d3]" started-at="2023-12-11T22:48:45 EST" name="setUp" finished-at="2023-12-11T22:49:04 EST" duration-ms="18930" status="PASS">
          <reporter-output>
          </reporter-output>
        </test-method> <!-- setUp -->
        <test-method signature="SignupTest(java.lang.String,java.lang.String,java.lang.String,java.lang.String)[pri:2, instance:com.ultimateqa.tests.SignUpPageTest@67f639d3]" started-at="2023-12-11T22:49:04 EST" name="SignupTest" data-provider="getTestData" finished-at="2023-12-11T22:49:06 EST" duration-ms="1689" status="PASS">
          <params>
            <param index="0">
              <value>
                <![CDATA[Muken]]>
              </value>
            </param>
            <param index="1">
              <value>
                <![CDATA[Ambhani]]>
              </value>
            </param>
            <param index="2">
              <value>
                <![CDATA[mukesh@yahoo.com]]>
              </value>
            </param>
            <param index="3">
              <value>
                <![CDATA[1.2345678E7]]>
              </value>
            </param>
          </params>
          <reporter-output>
          </reporter-output>
        </test-method> <!-- SignupTest -->
        <test-method is-config="true" signature="teardown()[pri:0, instance:com.ultimateqa.tests.SignUpPageTest@67f639d3]" started-at="2023-12-11T22:49:06 EST" name="teardown" finished-at="2023-12-11T22:49:06 EST" duration-ms="96" status="PASS">
          <reporter-output>
          </reporter-output>
        </test-method> <!-- teardown -->
      </class> <!-- com.ultimateqa.tests.SignUpPageTest -->
      <class name="com.ultimateqa.tests.LoginPageTest">
        <test-method is-config="true" signature="setUp()[pri:0, instance:com.ultimateqa.tests.LoginPageTest@6cd28fa7]" started-at="2023-12-11T22:47:31 EST" name="setUp" finished-at="2023-12-11T22:47:43 EST" duration-ms="12820" status="PASS">
          <reporter-output>
          </reporter-output>
        </test-method> <!-- setUp -->
        <test-method signature="LoginPageTitleTest()[pri:1, instance:com.ultimateqa.tests.LoginPageTest@6cd28fa7]" started-at="2023-12-11T22:47:43 EST" name="LoginPageTitleTest" finished-at="2023-12-11T22:47:44 EST" duration-ms="387" status="PASS">
          <reporter-output>
          </reporter-output>
        </test-method> <!-- LoginPageTitleTest -->
        <test-method is-config="true" signature="tearDown()[pri:0, instance:com.ultimateqa.tests.LoginPageTest@6cd28fa7]" started-at="2023-12-11T22:47:44 EST" name="tearDown" finished-at="2023-12-11T22:47:44 EST" duration-ms="117" status="PASS">
          <reporter-output>
          </reporter-output>
        </test-method> <!-- tearDown -->
        <test-method is-config="true" signature="setUp()[pri:0, instance:com.ultimateqa.tests.LoginPageTest@6cd28fa7]" started-at="2023-12-11T22:47:44 EST" name="setUp" finished-at="2023-12-11T22:47:56 EST" duration-ms="12072" status="PASS">
          <reporter-output>
          </reporter-output>
        </test-method> <!-- setUp -->
        <test-method signature="LoginTest()[pri:2, instance:com.ultimateqa.tests.LoginPageTest@6cd28fa7]" started-at="2023-12-11T22:47:56 EST" name="LoginTest" finished-at="2023-12-11T22:48:03 EST" duration-ms="7317" status="PASS">
          <reporter-output>
          </reporter-output>
        </test-method> <!-- LoginTest -->
        <test-method is-config="true" signature="tearDown()[pri:0, instance:com.ultimateqa.tests.LoginPageTest@6cd28fa7]" started-at="2023-12-11T22:48:03 EST" name="tearDown" finished-at="2023-12-11T22:48:03 EST" duration-ms="102" status="PASS">
          <reporter-output>
          </reporter-output>
        </test-method> <!-- tearDown -->
      </class> <!-- com.ultimateqa.tests.LoginPageTest -->
    </test> <!-- Test -->
  </suite> <!-- Suite -->
</testng-results>
